<?xml version="1.0" encoding="UTF-8"?>
<TestRun id="f3eee18b-e8a6-4a1e-9d4b-cedba7a1a001" name="james@JIMMYJACK-WIN7 2011-05-04 20:09:08" runUser="jimmyjack-win7\james" xmlns="http://microsoft.com/schemas/VisualStudio/TeamTest/2010">
  <TestSettings name="Local" id="0cefce0f-e564-40df-9974-0c03d3106ea5">
    <Description>These are default test settings for a local test run.</Description>
    <Deployment enabled="false" runDeploymentRoot="james_JIMMYJACK-WIN7 2011-05-04 20_09_08">
      <DeploymentItem filename="C:\projects\unit-testing\CodeSlice.UnitTesting\CodeSlice.UnitTesting.Model\bin\Debug\CodeSlice.UnitTesting.Model.dll" />
    </Deployment>
    <Execution>
      <TestTypeSpecific />
      <AgentRule name="Execution Agents">
      </AgentRule>
    </Execution>
  </TestSettings>
  <Times creation="2011-05-04T20:09:08.8801250+01:00" queuing="2011-05-04T20:09:08.9143047+01:00" start="2011-05-04T20:09:09.2326641+01:00" finish="2011-05-04T20:09:09.7766094+01:00" />
  <ResultSummary outcome="Completed">
    <Counters total="1" executed="1" passed="1" error="0" failed="0" timeout="0" aborted="0" inconclusive="0" passedButRunAborted="0" notRunnable="0" notExecuted="0" disconnected="0" warning="0" completed="0" inProgress="0" pending="0" />
  </ResultSummary>
  <TestDefinitions>
    <UnitTest name="InvalidVoteValueTest1" storage="c:\projects\unit-testing\codeslice.unittesting\codeslice.unittesting.mstest\bin\debug\codeslice.unittesting.mstest.dll" id="ce037892-f838-4408-b712-b0176739ba08">
      <Execution id="2885cb9d-8139-43bf-a1ba-566cfc291ea7" />
      <TestMethod codeBase="C:/projects/unit-testing/CodeSlice.UnitTesting/CodeSlice.UnitTesting.MSTest/bin/Debug/CodeSlice.UnitTesting.MSTest.DLL" adapterTypeName="Microsoft.VisualStudio.TestTools.TestTypes.Unit.UnitTestAdapter, Microsoft.VisualStudio.QualityTools.Tips.UnitTest.Adapter, Version=10.0.0.0, Culture=neutral, PublicKeyToken=b03f5f7f11d50a3a" className="CodeSlice.UnitTesting.NUnit.VoteTest, CodeSlice.UnitTesting.MSTest, Version=1.0.0.0, Culture=neutral, PublicKeyToken=null" name="InvalidVoteValueTest1" />
    </UnitTest>
  </TestDefinitions>
  <TestLists>
    <TestList name="Results Not in a List" id="8c84fa94-04c1-424b-9868-57a2d4851a1d" />
    <TestList name="All Loaded Results" id="19431567-8539-422a-85d7-44ee4e166bda" />
  </TestLists>
  <TestEntries>
    <TestEntry testId="ce037892-f838-4408-b712-b0176739ba08" executionId="2885cb9d-8139-43bf-a1ba-566cfc291ea7" testListId="8c84fa94-04c1-424b-9868-57a2d4851a1d" />
  </TestEntries>
  <Results>
    <UnitTestResult executionId="2885cb9d-8139-43bf-a1ba-566cfc291ea7" testId="ce037892-f838-4408-b712-b0176739ba08" testName="InvalidVoteValueTest1" computerName="JIMMYJACK-WIN7" duration="00:00:00.0161864" startTime="2011-05-04T20:09:09.3635235+01:00" endTime="2011-05-04T20:09:09.6018047+01:00" testType="13cdc9d9-ddb5-4fa4-a97d-d965ccfc6d4b" outcome="Passed" testListId="8c84fa94-04c1-424b-9868-57a2d4851a1d" relativeResultsDirectory="2885cb9d-8139-43bf-a1ba-566cfc291ea7">
    </UnitTestResult>
  </Results>
</TestRun>